<?xml version="1.0" encoding="UTF-8"?>
<!-- Generated by org.testng.reporters.JUnitReportReporter -->
<testsuite hostname="SILPA_M" failures="0" tests="5" name="testodoo.Testodoo" time="21.168" errors="0" timestamp="2024-06-06T13:14:08 IST" skipped="0">
  <testcase classname="testodoo.Testodoo" name="signup" time="1.881"/>
  <testcase classname="testodoo.Testodoo" name="login" time="7.217"/>
  <testcase classname="testodoo.Testodoo" name="window" time="6.068"/>
  <testcase classname="testodoo.Testodoo" name="free" time="4.260"/>
  <testcase classname="testodoo.Testodoo" name="logout" time="1.742"/>
</testsuite> <!-- testodoo.Testodoo -->
